<?xml version="1.0" encoding="UTF-8"?>
<!-- Generated by org.testng.reporters.JUnitXMLReporter -->
<testsuite ignored="4" hostname="DESKTOP-380NT8V" failures="0" tests="1" name="Default test" time="49.114" errors="0" timestamp="2024-04-05T09:15:00 MST">
  <testcase classname="com.training.testcases.HomeTest" name="Blockinganeventinthecalenderwithweeklyrecurrance_TC37" time="18.408"/>
  <testcase classname="com.training.testcases.HomeTest" name="VerifyEditedLastname_TC34" time="0.0">
    <ignored/>
  </testcase> <!-- VerifyEditedLastname_TC34 -->
  <testcase classname="com.training.testcases.HomeTest" name="VerifyFirstnamaAndLastname_TC33" time="0.0">
    <ignored/>
  </testcase> <!-- VerifyFirstnamaAndLastname_TC33 -->
  <testcase classname="com.training.testcases.HomeTest" name="BlockingEventinCalender_TC36" time="0.0">
    <ignored/>
  </testcase> <!-- BlockingEventinCalender_TC36 -->
  <testcase classname="com.training.testcases.HomeTest" name="VerifyTabCustomization_TC35" time="0.0">
    <ignored/>
  </testcase> <!-- VerifyTabCustomization_TC35 -->
</testsuite> <!-- Default test -->
