<?xml version="1.0" encoding="UTF-8"?>
<!-- Generated by org.testng.reporters.JUnitXMLReporter -->
<testsuite ignored="0" hostname="DESKTOP-380NT8V" failures="0" tests="3" name="login" time="70.328" errors="0" timestamp="2024-03-28T05:55:43 MST">
  <testcase classname="com.training.testcases.LoginTest" name="invalidlogin" time="11.15"/>
  <testcase classname="com.training.testcases.LoginTest" name="login" time="4.352"/>
  <testcase classname="com.training.testcases.HomeTest" name="testhomepagetab" time="16.672"/>
</testsuite> <!-- login -->
