<?xml version="1.0" encoding="UTF-8"?>
<testng-results ignored="4" total="5" passed="1" failed="0" skipped="0">
  <reporter-output>
  </reporter-output>
  <suite started-at="2024-04-05T09:14:11 MST" name="Default suite" finished-at="2024-04-05T09:15:00 MST" duration-ms="49114">
    <groups>
    </groups>
    <test started-at="2024-04-05T09:14:11 MST" name="Default test" finished-at="2024-04-05T09:15:00 MST" duration-ms="49114">
      <class name="com.training.testcases.HomeTest">
        <test-method is-config="true" signature="beforeMethod()[pri:0, instance:com.training.testcases.HomeTest@1a451d4d]" started-at="2024-04-05T09:14:11 MST" name="beforeMethod" finished-at="2024-04-05T09:14:41 MST" duration-ms="29772" status="PASS">
          <reporter-output>
          </reporter-output>
        </test-method> <!-- beforeMethod -->
        <test-method signature="Blockinganeventinthecalenderwithweeklyrecurrance_TC37()[pri:0, instance:com.training.testcases.HomeTest@1a451d4d]" started-at="2024-04-05T09:14:41 MST" name="Blockinganeventinthecalenderwithweeklyrecurrance_TC37" finished-at="2024-04-05T09:14:59 MST" duration-ms="18408" status="PASS">
          <reporter-output>
          </reporter-output>
        </test-method> <!-- Blockinganeventinthecalenderwithweeklyrecurrance_TC37 -->
        <test-method is-config="true" signature="teardown()[pri:0, instance:com.training.testcases.HomeTest@1a451d4d]" started-at="2024-04-05T09:14:59 MST" name="teardown" finished-at="2024-04-05T09:15:00 MST" duration-ms="711" status="PASS">
          <reporter-output>
          </reporter-output>
        </test-method> <!-- teardown -->
      </class> <!-- com.training.testcases.HomeTest -->
    </test> <!-- Default test -->
  </suite> <!-- Default suite -->
</testng-results>
